<?xml version="1.0" encoding="UTF-8"?>
<testng-results ignored="0" total="1" passed="1" failed="0" skipped="0">
  <reporter-output>
  </reporter-output>
  <suite started-at="2024-08-03T19:59:00 IST" name="Default suite" finished-at="2024-08-03T19:59:17 IST" duration-ms="16999">
    <groups>
    </groups>
    <test started-at="2024-08-03T19:59:00 IST" name="Default test" finished-at="2024-08-03T19:59:17 IST" duration-ms="16999">
      <class name="FitpeoAssaignment.FitpeoTest">
        <test-method is-config="true" signature="openBrowser()[pri:0, instance:FitpeoAssaignment.FitpeoTest@1530c739]" started-at="2024-08-03T19:59:00 IST" name="openBrowser" finished-at="2024-08-03T19:59:02 IST" duration-ms="1995" status="PASS">
          <reporter-output>
          </reporter-output>
        </test-method> <!-- openBrowser -->
        <test-method signature="automating()[pri:0, instance:FitpeoAssaignment.FitpeoTest@1530c739]" started-at="2024-08-03T19:59:02 IST" name="automating" finished-at="2024-08-03T19:59:17 IST" duration-ms="14953" status="PASS">
          <reporter-output>
          </reporter-output>
        </test-method> <!-- automating -->
      </class> <!-- FitpeoAssaignment.FitpeoTest -->
    </test> <!-- Default test -->
  </suite> <!-- Default suite -->
</testng-results>
